<?xml version="1.0" encoding="UTF-8"?>
<robot generator="Robot 7.1.1 (Python 3.12.0 on win32)" generated="2025-03-13T09:52:31.765334" rpa="false" schemaversion="5">
<suite id="s1" name="Crm" source="C:\Users\tonno\Documents\GitHub\robot-scripts\crm\tests\crm.robot">
<test id="s1-t1" name="should be able to add new customer" line="14">
<kw name="Set Selenium Speed" owner="SeleniumLibrary">
<arg>.2s</arg>
<doc>Sets the delay that is waited after each Selenium command.</doc>
<status status="PASS" start="2025-03-13T09:52:32.091690" elapsed="0.000000"/>
</kw>
<kw name="Set Selenium Timeout" owner="SeleniumLibrary">
<arg>10s</arg>
<doc>Sets the timeout that is used by various keywords.</doc>
<status status="PASS" start="2025-03-13T09:52:32.091690" elapsed="0.001269"/>
</kw>
<kw name="Log" owner="BuiltIn">
<msg time="2025-03-13T09:52:32.092959" level="INFO">Starting the test case!</msg>
<arg>Starting the test case!</arg>
<doc>Logs the given message with the given level.</doc>
<status status="PASS" start="2025-03-13T09:52:32.092959" elapsed="0.000000"/>
</kw>
<kw name="Open Browser" owner="SeleniumLibrary">
<msg time="2025-03-13T09:52:32.093964" level="INFO">Opening browser 'edge' to base url 'https://automationplayground.com/crm/'.</msg>
<arg>https://automationplayground.com/crm/</arg>
<arg>${BROWSER}</arg>
<doc>Opens a new browser instance to the optional ``url``.</doc>
<status status="PASS" start="2025-03-13T09:52:32.092959" elapsed="3.531405"/>
</kw>
<kw name="Set Window Position" owner="SeleniumLibrary">
<arg>50</arg>
<arg>50</arg>
<doc>Sets window position using ``x`` and ``y`` coordinates.</doc>
<status status="PASS" start="2025-03-13T09:52:35.624695" elapsed="0.571705"/>
</kw>
<kw name="Set Window Size" owner="SeleniumLibrary">
<arg>1920</arg>
<arg>1080</arg>
<doc>Sets current windows size to given ``width`` and ``height``.</doc>
<status status="PASS" start="2025-03-13T09:52:36.197012" elapsed="0.579114"/>
</kw>
<kw name="Page Should Contain" owner="SeleniumLibrary">
<msg time="2025-03-13T09:52:37.226860" level="INFO">Current page contains text 'Customers Are Priority One'.</msg>
<arg>Customers Are Priority One</arg>
<doc>Verifies that current page contains ``text``.</doc>
<status status="PASS" start="2025-03-13T09:52:36.776126" elapsed="0.450734"/>
</kw>
<kw name="Click Link" owner="SeleniumLibrary">
<msg time="2025-03-13T09:52:37.227901" level="INFO">Clicking link 'id=SignIn'.</msg>
<arg>id=SignIn</arg>
<doc>Clicks a link identified by ``locator``.</doc>
<status status="PASS" start="2025-03-13T09:52:37.226860" elapsed="1.102795"/>
</kw>
<kw name="Page Should Contain" owner="SeleniumLibrary">
<msg time="2025-03-13T09:52:38.751157" level="INFO">Current page contains text 'Login'.</msg>
<arg>Login</arg>
<doc>Verifies that current page contains ``text``.</doc>
<status status="PASS" start="2025-03-13T09:52:38.329655" elapsed="0.421502"/>
</kw>
<kw name="Input Text" owner="SeleniumLibrary">
<msg time="2025-03-13T09:52:38.752171" level="INFO">Typing text 'admin@robotframeworktoturial.com' into text field 'id=email-id'.</msg>
<arg>id=email-id</arg>
<arg>${EMAIL}</arg>
<doc>Types the given ``text`` into the text field identified by ``locator``.</doc>
<status status="PASS" start="2025-03-13T09:52:38.752171" elapsed="0.768255"/>
</kw>
<kw name="Input Text" owner="SeleniumLibrary">
<msg time="2025-03-13T09:52:39.520426" level="INFO">Typing text 'qwd' into text field 'id=password'.</msg>
<arg>id=password</arg>
<arg>${PASS}</arg>
<doc>Types the given ``text`` into the text field identified by ``locator``.</doc>
<status status="PASS" start="2025-03-13T09:52:39.520426" elapsed="0.712154"/>
</kw>
<kw name="Click Button" owner="SeleniumLibrary">
<msg time="2025-03-13T09:52:40.233594" level="INFO">Clicking button 'id=submit-id'.</msg>
<arg>id=submit-id</arg>
<doc>Clicks the button identified by ``locator``.</doc>
<status status="PASS" start="2025-03-13T09:52:40.233594" elapsed="1.681933"/>
</kw>
<kw name="Page Should Contain" owner="SeleniumLibrary">
<msg time="2025-03-13T09:52:42.337229" level="INFO">Current page contains text 'Our Happy Customers'.</msg>
<arg>Our Happy Customers</arg>
<doc>Verifies that current page contains ``text``.</doc>
<status status="PASS" start="2025-03-13T09:52:41.915527" elapsed="0.421702"/>
</kw>
<kw name="Click Link" owner="SeleniumLibrary">
<msg time="2025-03-13T09:52:42.338234" level="INFO">Clicking link 'id=new-customer'.</msg>
<arg>id=new-customer</arg>
<doc>Clicks a link identified by ``locator``.</doc>
<status status="PASS" start="2025-03-13T09:52:42.338234" elapsed="1.336161"/>
</kw>
<kw name="Page Should Contain" owner="SeleniumLibrary">
<msg time="2025-03-13T09:52:44.097190" level="INFO">Current page contains text 'Add Customer'.</msg>
<arg>Add Customer</arg>
<doc>Verifies that current page contains ``text``.</doc>
<status status="PASS" start="2025-03-13T09:52:43.675910" elapsed="0.421280"/>
</kw>
<kw name="Input Text" owner="SeleniumLibrary">
<msg time="2025-03-13T09:52:44.098263" level="INFO">Typing text 'chatchai@gmail.com' into text field 'id=EmailAddress'.</msg>
<arg>id=EmailAddress</arg>
<arg>chatchai@gmail.com</arg>
<doc>Types the given ``text`` into the text field identified by ``locator``.</doc>
<status status="PASS" start="2025-03-13T09:52:44.098263" elapsed="0.749974"/>
</kw>
<kw name="Input Text" owner="SeleniumLibrary">
<msg time="2025-03-13T09:52:44.849251" level="INFO">Typing text 'chatchai' into text field 'id=FirstName'.</msg>
<arg>id=FirstName</arg>
<arg>chatchai</arg>
<doc>Types the given ``text`` into the text field identified by ``locator``.</doc>
<status status="PASS" start="2025-03-13T09:52:44.848237" elapsed="0.725991"/>
</kw>
<kw name="Input Text" owner="SeleniumLibrary">
<msg time="2025-03-13T09:52:45.575327" level="INFO">Typing text 'khamchan' into text field 'id=LastName'.</msg>
<arg>id=LastName</arg>
<arg>khamchan</arg>
<doc>Types the given ``text`` into the text field identified by ``locator``.</doc>
<status status="PASS" start="2025-03-13T09:52:45.575327" elapsed="0.702544"/>
</kw>
<kw name="Input Text" owner="SeleniumLibrary">
<msg time="2025-03-13T09:52:46.278873" level="INFO">Typing text 'Dollas' into text field 'id=City'.</msg>
<arg>id=City</arg>
<arg>Dollas</arg>
<doc>Types the given ``text`` into the text field identified by ``locator``.</doc>
<status status="PASS" start="2025-03-13T09:52:46.277871" elapsed="0.704560"/>
</kw>
<kw name="Select From List By Value" owner="SeleniumLibrary">
<msg time="2025-03-13T09:52:46.983461" level="INFO">Selecting options from selection list 'id=StateOrRegion' by value NY.</msg>
<arg>id=StateOrRegion</arg>
<arg>NY</arg>
<doc>Selects options from selection list ``locator`` by ``values``.</doc>
<status status="PASS" start="2025-03-13T09:52:46.983461" elapsed="1.701772"/>
</kw>
<kw name="Select Radio Button" owner="SeleniumLibrary">
<msg time="2025-03-13T09:52:48.686296" level="INFO">Selecting 'male' from radio button 'gender'.</msg>
<arg>gender</arg>
<arg>male</arg>
<doc>Sets the radio button group ``group_name`` to ``value``.</doc>
<status status="PASS" start="2025-03-13T09:52:48.686296" elapsed="0.683966"/>
</kw>
<kw name="Select Checkbox" owner="SeleniumLibrary">
<msg time="2025-03-13T09:52:49.371317" level="INFO">Selecting checkbox 'promos-name'.</msg>
<arg>promos-name</arg>
<doc>Selects the checkbox identified by ``locator``.</doc>
<status status="PASS" start="2025-03-13T09:52:49.370262" elapsed="0.892156"/>
</kw>
<kw name="Click Button" owner="SeleniumLibrary">
<msg time="2025-03-13T09:52:50.263482" level="INFO">Clicking button 'Submit'.</msg>
<arg>Submit</arg>
<doc>Clicks the button identified by ``locator``.</doc>
<status status="PASS" start="2025-03-13T09:52:50.262418" elapsed="1.271090"/>
</kw>
<kw name="Wait Until Page Contains" owner="SeleniumLibrary">
<arg>Success! New customer added.</arg>
<doc>Waits until ``text`` appears on the current page.</doc>
<status status="PASS" start="2025-03-13T09:52:51.533866" elapsed="0.218726"/>
</kw>
<kw name="Sleep" owner="BuiltIn">
<msg time="2025-03-13T09:52:54.754236" level="INFO">Slept 3 seconds.</msg>
<arg>3s</arg>
<doc>Pauses the test executed for the given time.</doc>
<status status="PASS" start="2025-03-13T09:52:51.752592" elapsed="3.001644"/>
</kw>
<kw name="Close Browser" owner="SeleniumLibrary">
<doc>Closes the current browser.</doc>
<status status="PASS" start="2025-03-13T09:52:54.755240" elapsed="2.382036"/>
</kw>
<doc>This is some basic info abount the TEST</doc>
<tag>1006</tag>
<tag>Contacts</tag>
<tag>Smoke</tag>
<status status="PASS" start="2025-03-13T09:52:32.090637" elapsed="25.046639"/>
</test>
<doc>This is some basic info abount the whole suite</doc>
<status status="PASS" start="2025-03-13T09:52:31.767340" elapsed="25.371223"/>
</suite>
<statistics>
<total>
<stat pass="1" fail="0" skip="0">All Tests</stat>
</total>
<tag>
<stat pass="1" fail="0" skip="0">1006</stat>
<stat pass="1" fail="0" skip="0">Contacts</stat>
<stat pass="1" fail="0" skip="0">Smoke</stat>
</tag>
<suite>
<stat pass="1" fail="0" skip="0" id="s1" name="Crm">Crm</stat>
</suite>
</statistics>
<errors>
</errors>
</robot>
